<?xml version="1.0" encoding="UTF-8"?>
<!-- Generated by org.testng.reporters.JUnitReportReporter -->
<testsuite hostname="Anees" failures="0" tests="4" name="api.test.UserTest2" time="8.200" errors="0" timestamp="2023-08-13T16:34:50 IST" skipped="0">
  <testcase classname="api.test.UserTest2" name="testPostUser" time="3.090"/>
  <system-out/>
  <testcase classname="api.test.UserTest2" name="testGetUserByName" time="1.342"/>
  <system-out/>
  <testcase classname="api.test.UserTest2" name="testUpdateUserByName" time="2.515"/>
  <system-out/>
  <testcase classname="api.test.UserTest2" name="testDeleteUserByName" time="1.253"/>
  <system-out/>
</testsuite> <!-- api.test.UserTest2 -->
