<?xml version="1.0" encoding="UTF-8"?>
<!-- Generated by org.testng.reporters.JUnitReportReporter -->
<testsuite hostname="Anees" failures="0" tests="6" name="api.test.DataDrivenTests" time="10.848" errors="0" timestamp="2023-08-13T21:46:19 IST" skipped="0">
  <testcase classname="api.test.DataDrivenTests" name="testPostUser2" time="1.314"/>
  <system-out/>
  <testcase classname="api.test.DataDrivenTests" name="testPostUser2" time="4.302"/>
  <system-out/>
  <testcase classname="api.test.DataDrivenTests" name="testPostUser2" time="1.325"/>
  <system-out/>
  <testcase classname="api.test.DataDrivenTests" name="testDeleteUserByNames2" time="1.265"/>
  <system-out/>
  <testcase classname="api.test.DataDrivenTests" name="testDeleteUserByNames2" time="1.315"/>
  <system-out/>
  <testcase classname="api.test.DataDrivenTests" name="testDeleteUserByNames2" time="1.327"/>
  <system-out/>
</testsuite> <!-- api.test.DataDrivenTests -->
