<?xml version="1.0" encoding="UTF-8"?>
<!-- Generated by org.testng.reporters.JUnitReportReporter -->
<testsuite hostname="Anees" failures="0" tests="6" name="api.test.DataDrivenTests" time="9.456" errors="0" timestamp="2023-08-13T15:01:37 IST" skipped="0">
  <testcase classname="api.test.DataDrivenTests" name="testPostUser2" time="2.982"/>
  <system-out/>
  <testcase classname="api.test.DataDrivenTests" name="testPostUser2" time="1.279"/>
  <system-out/>
  <testcase classname="api.test.DataDrivenTests" name="testPostUser2" time="1.245"/>
  <system-out/>
  <testcase classname="api.test.DataDrivenTests" name="testDeleteUserByNames2" time="1.330"/>
  <system-out/>
  <testcase classname="api.test.DataDrivenTests" name="testDeleteUserByNames2" time="1.310"/>
  <system-out/>
  <testcase classname="api.test.DataDrivenTests" name="testDeleteUserByNames2" time="1.310"/>
  <system-out/>
</testsuite> <!-- api.test.DataDrivenTests -->
