<?xml version="1.0" encoding="UTF-8"?>
<!-- Generated by org.testng.reporters.JUnitReportReporter -->
<testsuite hostname="Anees" failures="0" tests="4" name="api.test.UserTest" time="8.555" errors="0" timestamp="2023-08-13T16:06:35 IST" skipped="0">
  <testcase classname="api.test.UserTest" name="testPostUser" time="3.453"/>
  <system-out/>
  <testcase classname="api.test.UserTest" name="testGetUserByName" time="1.287"/>
  <system-out/>
  <testcase classname="api.test.UserTest" name="testUpdateUserByName" time="2.547"/>
  <system-out/>
  <testcase classname="api.test.UserTest" name="testDeleteUserByName" time="1.268"/>
  <system-out/>
</testsuite> <!-- api.test.UserTest -->
