<?xml version="1.0" encoding="UTF-8"?>
<!-- Generated by org.testng.reporters.JUnitReportReporter -->
<testsuite hostname="Anees" failures="0" tests="4" name="api.test.UserTest2" time="6.388" errors="0" timestamp="2023-08-13T21:46:19 IST" skipped="0">
  <testcase classname="api.test.UserTest2" name="testPostUser" time="1.290"/>
  <system-out/>
  <testcase classname="api.test.UserTest2" name="testGetUserByName" time="1.311"/>
  <system-out/>
  <testcase classname="api.test.UserTest2" name="testUpdateUserByName" time="2.543"/>
  <system-out/>
  <testcase classname="api.test.UserTest2" name="testDeleteUserByName" time="1.244"/>
  <system-out/>
</testsuite> <!-- api.test.UserTest2 -->
