<?xml version="1.0" encoding="UTF-8"?>
<!-- Generated by org.testng.reporters.JUnitReportReporter -->
<testsuite hostname="Anees" failures="0" tests="4" name="api.test.UserTest" time="6.216" errors="0" timestamp="2023-08-13T21:42:40 IST" skipped="0">
  <testcase classname="api.test.UserTest" name="testPostUser" time="1.234"/>
  <system-out/>
  <testcase classname="api.test.UserTest" name="testGetUserByName" time="1.280"/>
  <system-out/>
  <testcase classname="api.test.UserTest" name="testUpdateUserByName" time="2.449"/>
  <system-out/>
  <testcase classname="api.test.UserTest" name="testDeleteUserByName" time="1.253"/>
  <system-out/>
</testsuite> <!-- api.test.UserTest -->
