<?xml version="1.0" encoding="UTF-8"?>
<!-- Generated by org.testng.reporters.JUnitReportReporter -->
<testsuite hostname="Anees" failures="0" tests="6" name="api.test.DataDrivenTests" time="11.164" errors="0" timestamp="2023-08-13T21:42:40 IST" skipped="0">
  <testcase classname="api.test.DataDrivenTests" name="testPostUser2" time="1.299"/>
  <system-out/>
  <testcase classname="api.test.DataDrivenTests" name="testPostUser2" time="4.680"/>
  <system-out/>
  <testcase classname="api.test.DataDrivenTests" name="testPostUser2" time="1.314"/>
  <system-out/>
  <testcase classname="api.test.DataDrivenTests" name="testDeleteUserByNames2" time="1.276"/>
  <system-out/>
  <testcase classname="api.test.DataDrivenTests" name="testDeleteUserByNames2" time="1.333"/>
  <system-out/>
  <testcase classname="api.test.DataDrivenTests" name="testDeleteUserByNames2" time="1.262"/>
  <system-out/>
</testsuite> <!-- api.test.DataDrivenTests -->
