<?xml version="1.0" encoding="UTF-8"?>
<!-- Generated by org.testng.reporters.JUnitReportReporter -->
<testsuite hostname="Anees" failures="0" tests="4" name="api.test.UserTest" time="6.281" errors="0" timestamp="2023-08-13T17:33:51 IST" skipped="0">
  <testcase classname="api.test.UserTest" name="testPostUser" time="1.263"/>
  <system-out/>
  <testcase classname="api.test.UserTest" name="testGetUserByName" time="1.274"/>
  <system-out/>
  <testcase classname="api.test.UserTest" name="testUpdateUserByName" time="2.548"/>
  <system-out/>
  <testcase classname="api.test.UserTest" name="testDeleteUserByName" time="1.196"/>
  <system-out/>
</testsuite> <!-- api.test.UserTest -->
