<?xml version="1.0" encoding="UTF-8"?>
<!-- Generated by org.testng.reporters.JUnitReportReporter -->
<testsuite hostname="Anees" failures="0" tests="6" name="api.test.DataDrivenTests" time="9.879" errors="0" timestamp="2023-08-13T17:33:51 IST" skipped="0">
  <testcase classname="api.test.DataDrivenTests" name="testPostUser2" time="1.298"/>
  <system-out/>
  <testcase classname="api.test.DataDrivenTests" name="testPostUser2" time="3.468"/>
  <system-out/>
  <testcase classname="api.test.DataDrivenTests" name="testPostUser2" time="1.300"/>
  <system-out/>
  <testcase classname="api.test.DataDrivenTests" name="testDeleteUserByNames2" time="1.282"/>
  <system-out/>
  <testcase classname="api.test.DataDrivenTests" name="testDeleteUserByNames2" time="1.271"/>
  <system-out/>
  <testcase classname="api.test.DataDrivenTests" name="testDeleteUserByNames2" time="1.260"/>
  <system-out/>
</testsuite> <!-- api.test.DataDrivenTests -->
